A# .NET
A# 
Axiom
A-0 System
A+
A++
ABAP
ABC
ABC ALGOL
ABLE
ABSET
ABSYS
Abundance
ACC
Accent
Ace DASL
ACT-III
Action!
ActionScript
Ada
Adenine
Agda
Agilent VEE
Agora
AIMMS
Alef
ALF
ALGOL 58
ALGOL 60
ALGOL 68
Alice
Alma-0
AmbientTalk
Amiga E
AMOS
AMPL
APL
AppleScript
Arc
ARexx
Argus
AspectJ
ASP.NET
Assembly language
ATS
Ateji PX
AutoHotkey
Autocoder
AutoIt
AutoLISP 
Visual LISP
Averest
AWK
Axum
B
Babbage
BAIL
Bash
BASIC
bc
BCPL
BeanShell
Batch
Bertrand
BETA
Bigwig
Bistro
BitC
BLISS
Blue
Bon
Boo
Boomerang
Bourne shell
Bash
Ksh
BREW
BPEL
BUGSYS
BuildProfessional
C
C--
C++
C#
C/AL
Caché ObjectScript
C Shell
Caml
Candle
Cayenne
CDuce
Cecil
Cel
Cesil
Ceylon
CFML
Cg
Ch
Chapel
CHAIN
Charity
Charm
Chef
CHILL
CHIP-8
chomski
ChucK
CICS
Cilk
CL
Claire
Clarion
Clean
Clipper
CLIST
Clojure
CLU
CMS-2
COBOL
CobolScript
Cobra
CODE
CoffeeScript
Cola
ColdC
ColdFusion
Cool
COMAL
CPL
CIL
CL
COMPASS
Component Pascal
COMIT
CHR
Converge
Coral 66
Corn
CorVision
Coq
COWSEL
CPL
csh
CSP
Csound
Curl
Curry
Cyclone
Cython
D
DASL
DASL
Dart
DataFlex
Datalog
DATATRIEVE
dBase
dc
DCL
Deesel
G
Delphi
DinkC
DIBOL
Dog
Draco
Dylan
DYNAMO
E
E#
Ease
Easy PL/I
EASYTRIEVE PLUS
ECMAScript
Edinburgh IMP
EGL
Eiffel
ELAN
Elixir
Emacs Lisp
Emerald
Epigram
Erlang
es
Escapade
Escher
ESPOL
Esterel
Etoys
Euclid
Euler
Euphoria
EusLisp Robot Programming Language
CMS EXEC
EXEC 2
F
F#
Factor
Falcon
Fancy
Fantom
FAUST
Felix
Ferite
FFP
Fjölnir
FL
Flavors
Flex
FLOW-MATIC
FOCAL
FOCUS
FOIL
FORMAC
@Formula
Forth
Fortran - ISO/IEC 1539
Fortress
FoxBase
FoxPro
FP
FPr
Franz Lisp
Frink
F-Script
FSProg
G
Game Maker Language
GameMonkey Script
GAMS
GAP
G-code
Genie
GDL
Gibiane
GJ
GEORGE
GLSL
GNU E
GM
Go
Go!
GOAL
Gödel
Godiva
GOM
Goo
Gosu
GOTRAN
GPSS
GraphTalk
GRASS
Groovy
HAL/S
Hamilton C shell
Harbour
Hartmann pipelines
Haskell
Haxe
High Level Assembly
HLSL
Hop
Hope
Hugo
Hume
HyperTalk
IBM Basic assembly language
IBM HAScript
IBM Informix-4GL
IBM RPG
ICI
Icon
Id
IDL
Idris
IMP
Inform
Io
Ioke
IPL
IPTSCRAE
ISLISP
ISPF
ISWIM
J
J#
J++
JADE
Jako
JAL
Janus
JASS
Java
JavaScript
JCL
JEAN
Join Java
JOSS
Joule
JOVIAL
Joy
JScript
JavaFX Script
Julia
K
Kaleidoscope
Karel
Karel++
Kaya
KEE
KIF
Kojo
KRC
KRL
KRL
KUKA
KRYPTON
L
L# .NET
LabVIEW
Ladder
Lagoona
LANSA
Lasso
LaTeX
Lava
LC-3
Leadwerks Script
Leda
Legoscript
LIL
LilyPond
Limbo
Limnor
LINC
Lingo
Linoleum
LIS
LISA
Lisaac
Lisp
Lite-C
Lithe
Little b
Logo
Logtalk
LPC
LSE
LSL
LiveCode
Lua
Lucid
Lustre
LYaPAS
Lynx
M
M2001
M4
Machine code
MAD
MAD/I
Magik
Magma
make
Maple
MAPPER 
MARK-IV 
Mary
MASM 
Mathematica
MATLAB
Maxima
Max
MaxScript
Maya
MDL
Mercury
Mesa
Metacard
Metafont
MetaL
Microcode
MicroScript
MIIS
MillScript
MIMIC
Mirah
Miranda
MIVA Script
ML
Moby
Model 204
Modelica
Modula
Modula-2
Modula-3
Mohol
MOO
Mortran
Mouse
MPD
MSIL
MSL
MUMPS
Napier88
NASM
NATURAL
Neko
Nemerle
NESL
Net.Data
NetLogo
NetRexx
NewLISP
NEWP
Newspeak
NewtonScript
NGL
Nial
Nice
Nickle
NPL
Not eXactly C 
Not Quite C
Nu
NSIS
NWScript
o:XML
Oak
Oberon
Obix
OBJ2
Object Lisp
ObjectLOGO
Object REXX
Object Pascal
Objective-C
Objective-J
Obliq
Obol
OCaml
occam
occam-π
Octave
OmniMark
Onyx
Opa
Opal
OpenEdge ABL
OPL
OPS5
OptimJ
Orc
ORCA/Modula-2
Oriel
Orwell
Oxygene
Oz
P#
PARI/GP
Pascal
Pawn
PCASTL
PCF
PEARL
PeopleCode
Perl
PDL
PHP
Phrogram
Pico
Pict
Pike
PIKT
PILOT
Pipelines
Pizza
PL-11
PL/0
PL/B
PL/C
PL/I
PL/M
PL/P
PL/SQL
PL360
PLANC
Plankalkül
PLEX
PLEXIL
Plus
POP-11
PostScript
PortablE
Powerhouse
PowerBuilder
PowerShell
PPL
Processing
Processing.js
Prograph
PROIV
Prolog
Visual Prolog
Promela
PROTEL
ProvideX
Pro*C
Pure
Python
Q
Qalb
QBasic
Qi
Qore
QtScript
QuakeC
QPL
R
R++
Racket
RAPID
Rapira
Ratfiv
Ratfor
rc
REBOL
Red
Redcode
REFAL
Reia
Revolution
rex
REXX
Rlab
ROOP
RPG
RPL
RSL
RTL/2
Ruby
Rust
S
S2
S3
S-Lang
S-PLUS
SA-C
SabreTalk
SAIL
SALSA
SAM76
SAS
SASL
Sather
Sawzall
SBL
Scala
Scheme
Scilab
Scratch
Script.NET
Sed
Seed7
Self
SenseTalk
SequenceL
SETL
Shift Script
SIMPOL
SIMSCRIPT
Simula
Simulink
SISAL
SLIP
SMALL
Smalltalk
Small Basic
SML
SNOBOL
SPITBOL
Snowball
SOL
Span
SPARK
SPIN
SP/k
SPS
Squeak
Squirrel
SR
S/SL
Starlogo
Strand
Stata
Stateflow
Subtext
SuperCollider
SuperTalk
SYMPL
SyncCharts
SystemVerilog
T
TACL
TACPOL
TADS
TAL
Tcl
Tea
TECO
TELCOMP
TeX
TEX
TIE
Timber
TMG, compiler-compiler
Tom
TOM
Topspeed
TPU
Trac
TTM
T-SQL
TTCN
Turing
TUTOR
TXL
TypeScript
Ubercode
UCSD Pascal
Unicon
Uniface
UNITY
Unix shell
UnrealScript
Vala
VBA
VBScript
Verilog
VHDL
Visual Basic
Visual Basic .NET
Microsoft Visual C++
Visual C#
Visual DataFlex
Visual DialogScript
Visual Fortran
Visual FoxPro
Visual J++
Visual J#
Visual Objects
VSXu
Vvvv
WATFIV, WATFOR
WebDNA
WebQL
Windows PowerShell
Winbatch
X++
X#
X10
XBL
XC (exploits XMOS architecture)
xHarbour
XL
XOTcl
XPL
XPL0
XQuery
XSB
XSLT - See XPath
Yorick
YQL
Z notation
Zeno
ZOPL
ZPL